<?xml version="1.0" encoding="UTF-8"?>
<!-- Generated by org.testng.reporters.JUnitXMLReporter -->
<testsuite ignored="0" hostname="nikhar.trivedi" failures="0" tests="2" name="Validate Phone With Filters" time="40.955" errors="0" timestamp="2024-07-20T04:23:31 IST">
  <testcase classname="tests.EbayTest" name="accessProductByCategoryAndFilterTest" time="24.974"/>
  <testcase classname="tests.EbayTest" name="accessProductBySearchTest" time="3.235"/>
</testsuite> <!-- Validate Phone With Filters -->
